Determining if the pthread_create exist failed with the following output:
Change Dir: /home/jorgealemangonzalez/clase/Juegos Electronicos/TJE_framework_2017/cmake-build-debug/CMakeFiles/CMakeTmp

Run Build Command:"/usr/bin/make" "cmTC_7ba5a/fast"
make[1]: se entra en el directorio '/home/jorgealemangonzalez/clase/Juegos Electronicos/TJE_framework_2017/cmake-build-debug/CMakeFiles/CMakeTmp'
/usr/bin/make -f CMakeFiles/cmTC_7ba5a.dir/build.make CMakeFiles/cmTC_7ba5a.dir/build
make[2]: se entra en el directorio '/home/jorgealemangonzalez/clase/Juegos Electronicos/TJE_framework_2017/cmake-build-debug/CMakeFiles/CMakeTmp'
Building C object CMakeFiles/cmTC_7ba5a.dir/CheckSymbolExists.c.o
/usr/bin/cc     -o CMakeFiles/cmTC_7ba5a.dir/CheckSymbolExists.c.o   -c "/home/jorgealemangonzalez/clase/Juegos Electronicos/TJE_framework_2017/cmake-build-debug/CMakeFiles/CMakeTmp/CheckSymbolExists.c"
Linking C executable cmTC_7ba5a
/home/jorgealemangonzalez/software/clion-2017.1/bin/cmake/bin/cmake -E cmake_link_script CMakeFiles/cmTC_7ba5a.dir/link.txt --verbose=1
/usr/bin/cc       CMakeFiles/cmTC_7ba5a.dir/CheckSymbolExists.c.o  -o cmTC_7ba5a 
CMakeFiles/cmTC_7ba5a.dir/CheckSymbolExists.c.o: En la función `main':
CheckSymbolExists.c:(.text+0x16): referencia a `pthread_create' sin definir
collect2: error: ld returned 1 exit status
CMakeFiles/cmTC_7ba5a.dir/build.make:97: fallo en las instrucciones para el objetivo 'cmTC_7ba5a'
make[2]: *** [cmTC_7ba5a] Error 1
make[2]: se sale del directorio '/home/jorgealemangonzalez/clase/Juegos Electronicos/TJE_framework_2017/cmake-build-debug/CMakeFiles/CMakeTmp'
Makefile:126: fallo en las instrucciones para el objetivo 'cmTC_7ba5a/fast'
make[1]: *** [cmTC_7ba5a/fast] Error 2
make[1]: se sale del directorio '/home/jorgealemangonzalez/clase/Juegos Electronicos/TJE_framework_2017/cmake-build-debug/CMakeFiles/CMakeTmp'

File /home/jorgealemangonzalez/clase/Juegos Electronicos/TJE_framework_2017/cmake-build-debug/CMakeFiles/CMakeTmp/CheckSymbolExists.c:
/* */
#include <pthread.h>

int main(int argc, char** argv)
{
  (void)argv;
#ifndef pthread_create
  return ((int*)(&pthread_create))[argc];
#else
  (void)argc;
  return 0;
#endif
}

Determining if the function pthread_create exists in the pthreads failed with the following output:
Change Dir: /home/jorgealemangonzalez/clase/Juegos Electronicos/TJE_framework_2017/cmake-build-debug/CMakeFiles/CMakeTmp

Run Build Command:"/usr/bin/make" "cmTC_8fc72/fast"
make[1]: se entra en el directorio '/home/jorgealemangonzalez/clase/Juegos Electronicos/TJE_framework_2017/cmake-build-debug/CMakeFiles/CMakeTmp'
/usr/bin/make -f CMakeFiles/cmTC_8fc72.dir/build.make CMakeFiles/cmTC_8fc72.dir/build
make[2]: se entra en el directorio '/home/jorgealemangonzalez/clase/Juegos Electronicos/TJE_framework_2017/cmake-build-debug/CMakeFiles/CMakeTmp'
Building C object CMakeFiles/cmTC_8fc72.dir/CheckFunctionExists.c.o
/usr/bin/cc    -DCHECK_FUNCTION_EXISTS=pthread_create   -o CMakeFiles/cmTC_8fc72.dir/CheckFunctionExists.c.o   -c /home/jorgealemangonzalez/software/clion-2017.1/bin/cmake/share/cmake-3.7/Modules/CheckFunctionExists.c
Linking C executable cmTC_8fc72
/home/jorgealemangonzalez/software/clion-2017.1/bin/cmake/bin/cmake -E cmake_link_script CMakeFiles/cmTC_8fc72.dir/link.txt --verbose=1
/usr/bin/cc   -DCHECK_FUNCTION_EXISTS=pthread_create    CMakeFiles/cmTC_8fc72.dir/CheckFunctionExists.c.o  -o cmTC_8fc72 -lpthreads 
/usr/bin/ld: no se puede encontrar -lpthreads
collect2: error: ld returned 1 exit status
CMakeFiles/cmTC_8fc72.dir/build.make:97: fallo en las instrucciones para el objetivo 'cmTC_8fc72'
make[2]: *** [cmTC_8fc72] Error 1
make[2]: se sale del directorio '/home/jorgealemangonzalez/clase/Juegos Electronicos/TJE_framework_2017/cmake-build-debug/CMakeFiles/CMakeTmp'
Makefile:126: fallo en las instrucciones para el objetivo 'cmTC_8fc72/fast'
make[1]: *** [cmTC_8fc72/fast] Error 2
make[1]: se sale del directorio '/home/jorgealemangonzalez/clase/Juegos Electronicos/TJE_framework_2017/cmake-build-debug/CMakeFiles/CMakeTmp'


